<?xml version="1.0" encoding="UTF-8"?>
<!-- Generated by org.testng.reporters.JUnitReportReporter -->
<testsuite skipped="0" hostname="KARMA" name="com.qa.api.gorest.tests.GetUserTest" tests="2" failures="0" timestamp="22 Aug 2022 17:23:23 GMT" time="5.585" errors="0">
  <testcase name="getUsersListWithParamApiTest" time="1.299" classname="com.qa.api.gorest.tests.GetUserTest"/>
  <testcase name="getAllUsersListApiTest" time="4.286" classname="com.qa.api.gorest.tests.GetUserTest"/>
</testsuite> <!-- com.qa.api.gorest.tests.GetUserTest -->
