<?xml version="1.0" encoding="UTF-8"?>
<!-- Generated by org.testng.reporters.JUnitReportReporter -->
<testsuite skipped="0" hostname="KARMA" name="com.qa.api.gorest.tests.CreateUserTest" tests="4" failures="0" timestamp="25 Aug 2022 17:05:35 GMT" time="17.352" errors="4">
  <testcase name="createUserApiPostTest" time="13.936" classname="com.qa.api.gorest.tests.CreateUserTest">
    <error type="java.lang.ClassCastException" message="java.util.ArrayList cannot be cast to java.lang.Integer">
      <![CDATA[java.lang.ClassCastException: java.util.ArrayList cannot be cast to java.lang.Integer
at com.qa.api.gorest.tests.CreateUserTest.createUserApiPostTest(CreateUserTest.java:47)
at sun.reflect.NativeMethodAccessorImpl.invoke0(Native Method)
at sun.reflect.NativeMethodAccessorImpl.invoke(Unknown Source)
at sun.reflect.DelegatingMethodAccessorImpl.invoke(Unknown Source)
at java.lang.reflect.Method.invoke(Unknown Source)
at org.testng.internal.MethodInvocationHelper.invokeMethod(MethodInvocationHelper.java:124)
at org.testng.internal.Invoker.invokeMethod(Invoker.java:583)
at org.testng.internal.Invoker.invokeTestMethod(Invoker.java:719)
at org.testng.internal.Invoker.invokeTestMethods(Invoker.java:989)
at org.testng.internal.TestMethodWorker.invokeTestMethods(TestMethodWorker.java:125)
at org.testng.internal.TestMethodWorker.run(TestMethodWorker.java:109)
at java.util.concurrent.ThreadPoolExecutor.runWorker(Unknown Source)
at java.util.concurrent.ThreadPoolExecutor$Worker.run(Unknown Source)
at java.lang.Thread.run(Unknown Source)
]]>
    </error>
  </testcase> <!-- createUserApiPostTest -->
  <testcase name="createUserApiPostTest" time="1.159" classname="com.qa.api.gorest.tests.CreateUserTest">
    <error type="java.lang.ClassCastException" message="java.util.ArrayList cannot be cast to java.lang.Integer">
      <![CDATA[java.lang.ClassCastException: java.util.ArrayList cannot be cast to java.lang.Integer
at com.qa.api.gorest.tests.CreateUserTest.createUserApiPostTest(CreateUserTest.java:47)
at sun.reflect.NativeMethodAccessorImpl.invoke0(Native Method)
at sun.reflect.NativeMethodAccessorImpl.invoke(Unknown Source)
at sun.reflect.DelegatingMethodAccessorImpl.invoke(Unknown Source)
at java.lang.reflect.Method.invoke(Unknown Source)
at org.testng.internal.MethodInvocationHelper.invokeMethod(MethodInvocationHelper.java:124)
at org.testng.internal.Invoker.invokeMethod(Invoker.java:583)
at org.testng.internal.Invoker.invokeTestMethod(Invoker.java:719)
at org.testng.internal.Invoker.invokeTestMethods(Invoker.java:989)
at org.testng.internal.TestMethodWorker.invokeTestMethods(TestMethodWorker.java:125)
at org.testng.internal.TestMethodWorker.run(TestMethodWorker.java:109)
at java.util.concurrent.ThreadPoolExecutor.runWorker(Unknown Source)
at java.util.concurrent.ThreadPoolExecutor$Worker.run(Unknown Source)
at java.lang.Thread.run(Unknown Source)
]]>
    </error>
  </testcase> <!-- createUserApiPostTest -->
  <testcase name="createUserApiPostTest" time="1.175" classname="com.qa.api.gorest.tests.CreateUserTest">
    <error type="java.lang.ClassCastException" message="java.util.ArrayList cannot be cast to java.lang.Integer">
      <![CDATA[java.lang.ClassCastException: java.util.ArrayList cannot be cast to java.lang.Integer
at com.qa.api.gorest.tests.CreateUserTest.createUserApiPostTest(CreateUserTest.java:47)
at sun.reflect.NativeMethodAccessorImpl.invoke0(Native Method)
at sun.reflect.NativeMethodAccessorImpl.invoke(Unknown Source)
at sun.reflect.DelegatingMethodAccessorImpl.invoke(Unknown Source)
at java.lang.reflect.Method.invoke(Unknown Source)
at org.testng.internal.MethodInvocationHelper.invokeMethod(MethodInvocationHelper.java:124)
at org.testng.internal.Invoker.invokeMethod(Invoker.java:583)
at org.testng.internal.Invoker.invokeTestMethod(Invoker.java:719)
at org.testng.internal.Invoker.invokeTestMethods(Invoker.java:989)
at org.testng.internal.TestMethodWorker.invokeTestMethods(TestMethodWorker.java:125)
at org.testng.internal.TestMethodWorker.run(TestMethodWorker.java:109)
at java.util.concurrent.ThreadPoolExecutor.runWorker(Unknown Source)
at java.util.concurrent.ThreadPoolExecutor$Worker.run(Unknown Source)
at java.lang.Thread.run(Unknown Source)
]]>
    </error>
  </testcase> <!-- createUserApiPostTest -->
  <testcase name="createUserApiPostTest" time="1.082" classname="com.qa.api.gorest.tests.CreateUserTest">
    <error type="java.lang.ClassCastException" message="java.util.ArrayList cannot be cast to java.lang.Integer">
      <![CDATA[java.lang.ClassCastException: java.util.ArrayList cannot be cast to java.lang.Integer
at com.qa.api.gorest.tests.CreateUserTest.createUserApiPostTest(CreateUserTest.java:47)
at sun.reflect.NativeMethodAccessorImpl.invoke0(Native Method)
at sun.reflect.NativeMethodAccessorImpl.invoke(Unknown Source)
at sun.reflect.DelegatingMethodAccessorImpl.invoke(Unknown Source)
at java.lang.reflect.Method.invoke(Unknown Source)
at org.testng.internal.MethodInvocationHelper.invokeMethod(MethodInvocationHelper.java:124)
at org.testng.internal.Invoker.invokeMethod(Invoker.java:583)
at org.testng.internal.Invoker.invokeTestMethod(Invoker.java:719)
at org.testng.internal.Invoker.invokeTestMethods(Invoker.java:989)
at org.testng.internal.TestMethodWorker.invokeTestMethods(TestMethodWorker.java:125)
at org.testng.internal.TestMethodWorker.run(TestMethodWorker.java:109)
at java.util.concurrent.ThreadPoolExecutor.runWorker(Unknown Source)
at java.util.concurrent.ThreadPoolExecutor$Worker.run(Unknown Source)
at java.lang.Thread.run(Unknown Source)
]]>
    </error>
  </testcase> <!-- createUserApiPostTest -->
</testsuite> <!-- com.qa.api.gorest.tests.CreateUserTest -->
