<?xml version="1.0" encoding="UTF-8"?>
<!-- Generated by org.testng.reporters.JUnitReportReporter -->
<testsuite skipped="1" hostname="KARMA" name="com.qa.api.gorest.tests.ImgurTokenGenerationAPITest" tests="3" failures="0" timestamp="25 Aug 2022 17:05:35 GMT" time="18.979" errors="0">
  <testcase name="getAccountBlockStatusTest" time="18.376" classname="com.qa.api.gorest.tests.ImgurTokenGenerationAPITest"/>
  <testcase name="getAccountImagesTest" time="0.603" classname="com.qa.api.gorest.tests.ImgurTokenGenerationAPITest"/>
  <testcase name="uploadImagePostApiTest" classname="com.qa.api.gorest.tests.ImgurTokenGenerationAPITest">
    <skipped/>
  </testcase> <!-- uploadImagePostApiTest -->
</testsuite> <!-- com.qa.api.gorest.tests.ImgurTokenGenerationAPITest -->
