<?xml version="1.0" encoding="UTF-8"?>
<!-- Generated by org.testng.reporters.JUnitReportReporter -->
<testsuite skipped="0" hostname="KARMA" name="com.qa.api.gorest.tests.GetUserTest" tests="2" failures="0" timestamp="25 Aug 2022 17:05:35 GMT" time="20.019" errors="0">
  <testcase name="getAllUsersListApiTest" time="18.419" classname="com.qa.api.gorest.tests.GetUserTest"/>
  <testcase name="getUsersListWithParamApiTest" time="1.600" classname="com.qa.api.gorest.tests.GetUserTest"/>
</testsuite> <!-- com.qa.api.gorest.tests.GetUserTest -->
