<?xml version="1.0" encoding="UTF-8"?>
<!-- Generated by org.testng.reporters.JUnitReportReporter -->
<testsuite skipped="0" hostname="KARMA" name="com.qa.api.gorest.tests.CreateUserTest" tests="4" failures="0" timestamp="22 Aug 2022 17:26:00 GMT" time="6.170" errors="0">
  <testcase name="createUserApiPostTest" time="3.805" classname="com.qa.api.gorest.tests.CreateUserTest"/>
  <testcase name="createUserApiPostTest" time="0.675" classname="com.qa.api.gorest.tests.CreateUserTest"/>
  <testcase name="createUserApiPostTest" time="0.563" classname="com.qa.api.gorest.tests.CreateUserTest"/>
  <testcase name="createUserApiPostTest" time="1.127" classname="com.qa.api.gorest.tests.CreateUserTest"/>
</testsuite> <!-- com.qa.api.gorest.tests.CreateUserTest -->
