<?xml version="1.0" encoding="UTF-8"?>
<!-- Generated by org.testng.reporters.JUnitReportReporter -->
<testsuite skipped="0" hostname="KARMA" name="com.qa.api.gorest.tests.ImgurTokenGenerationAPITest" tests="1" failures="0" timestamp="22 Aug 2022 17:18:52 GMT" time="2.782" errors="0">
  <testcase name="getAccountImagesTest" time="2.782" classname="com.qa.api.gorest.tests.ImgurTokenGenerationAPITest"/>
</testsuite> <!-- com.qa.api.gorest.tests.ImgurTokenGenerationAPITest -->
