<?xml version="1.0" encoding="UTF-8"?>
<!-- Generated by org.testng.reporters.JUnitReportReporter -->
<testsuite skipped="0" hostname="KARMA" name="com.qa.api.gorest.util.Token" tests="1" failures="0" timestamp="18 Aug 2022 23:00:52 GMT" time="3.938" errors="0">
  <testcase name="getAccessToken" time="3.938" classname="com.qa.api.gorest.util.Token"/>
</testsuite> <!-- com.qa.api.gorest.util.Token -->
